[WARN ] 2018-02-05 18:58:57,741 
Cookie rejected: "[version: 0][name: qh[360]][value: 1][domain: .feifei.com][path: /][expiry: Tue Feb 06 18:58:55 CST 2018]". Illegal domain attribute "feifei.com". Domain of origin: "security.snssdk.com"
[WARN ] 2018-02-05 18:58:58,532 
Cookie rejected: "[version: 0][name: qh[360]][value: 1][domain: .feifei.com][path: /][expiry: Tue Feb 06 18:58:56 CST 2018]". Illegal domain attribute "feifei.com". Domain of origin: "security.snssdk.com"
[WARN ] 2018-02-05 18:58:59,421 
Cookie rejected: "[version: 0][name: qh[360]][value: 1][domain: .feifei.com][path: /][expiry: Tue Feb 06 18:58:57 CST 2018]". Illegal domain attribute "feifei.com". Domain of origin: "security.snssdk.com"
[WARN ] 2018-02-05 18:59:00,285 
Cookie rejected: "[version: 0][name: qh[360]][value: 1][domain: .feifei.com][path: /][expiry: Tue Feb 06 18:58:58 CST 2018]". Illegal domain attribute "feifei.com". Domain of origin: "security.snssdk.com"
[WARN ] 2018-02-05 18:59:01,106 
Cookie rejected: "[version: 0][name: qh[360]][value: 1][domain: .feifei.com][path: /][expiry: Tue Feb 06 18:58:58 CST 2018]". Illegal domain attribute "feifei.com". Domain of origin: "security.snssdk.com"
[WARN ] 2018-02-05 18:59:01,944 
Cookie rejected: "[version: 0][name: qh[360]][value: 1][domain: .feifei.com][path: /][expiry: Tue Feb 06 18:58:59 CST 2018]". Illegal domain attribute "feifei.com". Domain of origin: "security.snssdk.com"
[WARN ] 2018-02-05 18:59:02,680 
Cookie rejected: "[version: 0][name: qh[360]][value: 1][domain: .feifei.com][path: /][expiry: Tue Feb 06 18:59:00 CST 2018]". Illegal domain attribute "feifei.com". Domain of origin: "security.snssdk.com"
[WARN ] 2018-02-05 18:59:03,449 
Cookie rejected: "[version: 0][name: qh[360]][value: 1][domain: .feifei.com][path: /][expiry: Tue Feb 06 18:59:01 CST 2018]". Illegal domain attribute "feifei.com". Domain of origin: "security.snssdk.com"
[WARN ] 2018-02-05 18:59:04,215 
Cookie rejected: "[version: 0][name: qh[360]][value: 1][domain: .feifei.com][path: /][expiry: Tue Feb 06 18:59:01 CST 2018]". Illegal domain attribute "feifei.com". Domain of origin: "security.snssdk.com"
[WARN ] 2018-02-05 18:59:04,988 
Cookie rejected: "[version: 0][name: qh[360]][value: 1][domain: .feifei.com][path: /][expiry: Tue Feb 06 18:59:02 CST 2018]". Illegal domain attribute "feifei.com". Domain of origin: "security.snssdk.com"
[WARN ] 2018-02-05 18:59:05,637 
Cookie rejected: "[version: 0][name: qh[360]][value: 1][domain: .feifei.com][path: /][expiry: Tue Feb 06 18:59:03 CST 2018]". Illegal domain attribute "feifei.com". Domain of origin: "security.snssdk.com"
[INFO ] 2018-02-05 18:59:05,919 
HCANN000001: Hibernate Commons Annotations {4.0.5.Final}
[INFO ] 2018-02-05 18:59:05,925 
HHH000412: Hibernate Core {4.3.11.Final}
[INFO ] 2018-02-05 18:59:05,927 
HHH000206: hibernate.properties not found
[INFO ] 2018-02-05 18:59:05,929 
HHH000021: Bytecode provider name : javassist
[INFO ] 2018-02-05 18:59:05,952 
HHH000043: Configuring from resource: hibernate.cfg.xml
[INFO ] 2018-02-05 18:59:05,953 
HHH000040: Configuration resource: hibernate.cfg.xml
[WARN ] 2018-02-05 18:59:06,095 
HHH000223: Recognized obsolete hibernate namespace http://hibernate.sourceforge.net/. Use namespace http://www.hibernate.org/dtd/ instead. Refer to Hibernate 3.6 Migration Guide!
[INFO ] 2018-02-05 18:59:06,133 
HHH000041: Configured SessionFactory: null
[WARN ] 2018-02-05 18:59:06,212 
HHH000402: Using Hibernate built-in connection pool (not for production use!)
[INFO ] 2018-02-05 18:59:06,217 
HHH000401: using driver [com.mysql.cj.jdbc.Driver] at URL [jdbc:mysql://localhost/crawler1.0?serverTimezone=GMT]
[INFO ] 2018-02-05 18:59:06,218 
HHH000046: Connection properties: {user=root, password=****}
[INFO ] 2018-02-05 18:59:06,218 
HHH000006: Autocommit mode: false
[INFO ] 2018-02-05 18:59:06,220 
HHH000115: Hibernate connection pool size: 12 (min=1)
[INFO ] 2018-02-05 18:59:06,555 
HHH000400: Using dialect: org.hibernate.dialect.MySQL5InnoDBDialect
[INFO ] 2018-02-05 18:59:06,834 
HHH000399: Using default transaction strategy (direct JDBC transactions)
[INFO ] 2018-02-05 18:59:06,838 
HHH000397: Using ASTQueryTranslatorFactory
[INFO ] 2018-02-05 18:59:07,189 
HHH000228: Running hbm2ddl schema update
[INFO ] 2018-02-05 18:59:07,189 
HHH000102: Fetching database metadata
[INFO ] 2018-02-05 18:59:07,191 
HHH000396: Updating schema
[INFO ] 2018-02-05 18:59:07,204 
HHH000262: Table not found: Discuss_xiguakey
[INFO ] 2018-02-05 18:59:07,215 
HHH000262: Table not found: Transpond_xiguakey
[INFO ] 2018-02-05 18:59:07,224 
HHH000262: Table not found: VideoXiGua_xiguakey
[INFO ] 2018-02-05 18:59:07,233 
HHH000262: Table not found: Video_xiguakey
[INFO ] 2018-02-05 18:59:07,243 
HHH000262: Table not found: Discuss_xiguakey
[INFO ] 2018-02-05 18:59:07,252 
HHH000262: Table not found: Transpond_xiguakey
[INFO ] 2018-02-05 18:59:07,260 
HHH000262: Table not found: VideoXiGua_xiguakey
[INFO ] 2018-02-05 18:59:07,269 
HHH000262: Table not found: Video_xiguakey
[INFO ] 2018-02-05 18:59:07,276 
HHH000262: Table not found: Discuss_xiguakey
[INFO ] 2018-02-05 18:59:07,286 
HHH000262: Table not found: Transpond_xiguakey
[INFO ] 2018-02-05 18:59:07,301 
HHH000262: Table not found: VideoXiGua_xiguakey
[INFO ] 2018-02-05 18:59:07,314 
HHH000262: Table not found: Video_xiguakey
[INFO ] 2018-02-05 18:59:09,593 
HHH000232: Schema update complete
[INFO ] 2018-02-05 18:59:09,625 
HHH000043: Configuring from resource: hibernate.cfg.xml
[INFO ] 2018-02-05 18:59:09,625 
HHH000040: Configuration resource: hibernate.cfg.xml
[WARN ] 2018-02-05 18:59:09,627 
HHH000223: Recognized obsolete hibernate namespace http://hibernate.sourceforge.net/. Use namespace http://www.hibernate.org/dtd/ instead. Refer to Hibernate 3.6 Migration Guide!
[INFO ] 2018-02-05 18:59:09,632 
HHH000041: Configured SessionFactory: null
[WARN ] 2018-02-05 18:59:09,637 
HHH000402: Using Hibernate built-in connection pool (not for production use!)
[INFO ] 2018-02-05 18:59:09,637 
HHH000401: using driver [com.mysql.cj.jdbc.Driver] at URL [jdbc:mysql://localhost/crawler1.0?serverTimezone=GMT]
[INFO ] 2018-02-05 18:59:09,637 
HHH000046: Connection properties: {user=root, password=****}
[INFO ] 2018-02-05 18:59:09,637 
HHH000006: Autocommit mode: false
[INFO ] 2018-02-05 18:59:09,637 
HHH000115: Hibernate connection pool size: 12 (min=1)
[INFO ] 2018-02-05 18:59:09,653 
HHH000400: Using dialect: org.hibernate.dialect.MySQL5InnoDBDialect
[INFO ] 2018-02-05 18:59:09,665 
HHH000399: Using default transaction strategy (direct JDBC transactions)
[INFO ] 2018-02-05 18:59:09,665 
HHH000397: Using ASTQueryTranslatorFactory
[INFO ] 2018-02-05 18:59:09,704 
HHH000228: Running hbm2ddl schema update
[INFO ] 2018-02-05 18:59:09,705 
HHH000102: Fetching database metadata
[INFO ] 2018-02-05 18:59:09,706 
HHH000396: Updating schema
[INFO ] 2018-02-05 18:59:09,763 
HHH000261: Table found: crawler1.0.discuss_xiguakey
[INFO ] 2018-02-05 18:59:09,764 
HHH000037: Columns: [author, comment, id, video, videoxigua, collectiondate]
[INFO ] 2018-02-05 18:59:09,764 
HHH000108: Foreign keys: [fk_84fnvjc6plfd5rkt55bpdxi3g, fk_iq1o4as9bv05atf990yph63da]
[INFO ] 2018-02-05 18:59:09,764 
HHH000126: Indexes: [fk_84fnvjc6plfd5rkt55bpdxi3g, fk_iq1o4as9bv05atf990yph63da, primary]
[INFO ] 2018-02-05 18:59:09,792 
HHH000261: Table found: crawler1.0.transpond_xiguakey
[INFO ] 2018-02-05 18:59:09,792 
HHH000037: Columns: [parent_id, name, id, video, collectiondate]
[INFO ] 2018-02-05 18:59:09,792 
HHH000108: Foreign keys: [fk_emuhah80ikpth3bvyipai1j6k, fk_k0toy512vn4xwb4i9aw2hv6ix]
[INFO ] 2018-02-05 18:59:09,793 
HHH000126: Indexes: [fk_emuhah80ikpth3bvyipai1j6k, primary, fk_k0toy512vn4xwb4i9aw2hv6ix]
[INFO ] 2018-02-05 18:59:09,815 
HHH000261: Table found: crawler1.0.videoxigua_xiguakey
[INFO ] 2018-02-05 18:59:09,815 
HHH000037: Columns: [comment_count, video_duration, datetime, video_like_count, play_effective_count, id_str, id, media_name, collectiondate, title, url]
[INFO ] 2018-02-05 18:59:09,815 
HHH000108: Foreign keys: []
[INFO ] 2018-02-05 18:59:09,815 
HHH000126: Indexes: [primary]
[INFO ] 2018-02-05 18:59:09,834 
HHH000261: Table found: crawler1.0.video_xiguakey
[INFO ] 2018-02-05 18:59:09,835 
HHH000037: Columns: [timesofplay, goodpress, author, id, authorlink, collectiondate, title, type, url, discuss, soundurl, transpond]
[INFO ] 2018-02-05 18:59:09,835 
HHH000108: Foreign keys: []
[INFO ] 2018-02-05 18:59:09,835 
HHH000126: Indexes: [primary]
[INFO ] 2018-02-05 18:59:09,836 
HHH000232: Schema update complete
[WARN ] 2018-02-05 18:59:10,291 
Cookie rejected: "[version: 0][name: qh[360]][value: 1][domain: .feifei.com][path: /][expiry: Tue Feb 06 18:59:08 CST 2018]". Illegal domain attribute "feifei.com". Domain of origin: "is.snssdk.com"
[INFO ] 2018-02-05 18:59:11,052 
向discuss_db数据库插入：Discuss [author=Al-Meezaan, comment=这是给小狗抓虱子, video=null, videoXigua=VideoXiGua [id_str=6503800270323991054, play_effective_count=9970, datetime=2017-12-26 18:27, media_name=唯一的铃音, video_duration=67, video_like_count=62, title=狗妈妈修理狗儿子，心疼狗儿子！, comment_count=8, url=http://toutiao.com/group/6503800270323991054/], collectionDate=2018-02-05]
[INFO ] 2018-02-05 18:59:11,147 
向discuss_db数据库插入：Discuss [author=心中之航, comment=狗儿子，打也打不过，我也很绝望, video=null, videoXigua=VideoXiGua [id_str=6503800270323991054, play_effective_count=9970, datetime=2017-12-26 18:27, media_name=唯一的铃音, video_duration=67, video_like_count=62, title=狗妈妈修理狗儿子，心疼狗儿子！, comment_count=8, url=http://toutiao.com/group/6503800270323991054/], collectionDate=2018-02-05]
[INFO ] 2018-02-05 18:59:11,191 
向discuss_db数据库插入：Discuss [author=qzuser252596626, comment=...狗狗也叛逆啊, video=null, videoXigua=VideoXiGua [id_str=6503800270323991054, play_effective_count=9970, datetime=2017-12-26 18:27, media_name=唯一的铃音, video_duration=67, video_like_count=62, title=狗妈妈修理狗儿子，心疼狗儿子！, comment_count=8, url=http://toutiao.com/group/6503800270323991054/], collectionDate=2018-02-05]
[INFO ] 2018-02-05 18:59:11,221 
向discuss_db数据库插入：Discuss [author=吃货0000000, comment=小兔崽子你作业没做好还想出去玩, video=null, videoXigua=VideoXiGua [id_str=6503800270323991054, play_effective_count=9970, datetime=2017-12-26 18:27, media_name=唯一的铃音, video_duration=67, video_like_count=62, title=狗妈妈修理狗儿子，心疼狗儿子！, comment_count=8, url=http://toutiao.com/group/6503800270323991054/], collectionDate=2018-02-05]
[INFO ] 2018-02-05 18:59:11,258 
向discuss_db数据库插入：Discuss [author=英雄联国服第一喷子灬, comment=这是再教他撕咬技巧呢, video=null, videoXigua=VideoXiGua [id_str=6503800270323991054, play_effective_count=9970, datetime=2017-12-26 18:27, media_name=唯一的铃音, video_duration=67, video_like_count=62, title=狗妈妈修理狗儿子，心疼狗儿子！, comment_count=8, url=http://toutiao.com/group/6503800270323991054/], collectionDate=2018-02-05]
[INFO ] 2018-02-05 18:59:11,335 
向discuss_db数据库插入：Discuss [author=周毒伦, comment=狗妈妈说，叫你好好在家写作业现在要上哪儿玩去啦？！先去把作业做完再出去，不然我打你了！去不去啊，快点！既然叫不动你，今晚别回家吃饭了！气屎我啦！, video=null, videoXigua=VideoXiGua [id_str=6503800270323991054, play_effective_count=9970, datetime=2017-12-26 18:27, media_name=唯一的铃音, video_duration=67, video_like_count=62, title=狗妈妈修理狗儿子，心疼狗儿子！, comment_count=8, url=http://toutiao.com/group/6503800270323991054/], collectionDate=2018-02-05]
[INFO ] 2018-02-05 18:59:11,374 
向discuss_db数据库插入：Discuss [author=烟花易冷369, comment=“小崽子，现在居然敢不尿老娘了[发怒]你是老娘生的知不知道[抠鼻]老娘分分钟教你做狗”, video=null, videoXigua=VideoXiGua [id_str=6503800270323991054, play_effective_count=9970, datetime=2017-12-26 18:27, media_name=唯一的铃音, video_duration=67, video_like_count=62, title=狗妈妈修理狗儿子，心疼狗儿子！, comment_count=8, url=http://toutiao.com/group/6503800270323991054/], collectionDate=2018-02-05]
[INFO ] 2018-02-05 18:59:11,423 
向discuss_db数据库插入：Discuss [author=人生如梦, comment=狗妈好坏, video=null, videoXigua=VideoXiGua [id_str=6503800270323991054, play_effective_count=9970, datetime=2017-12-26 18:27, media_name=唯一的铃音, video_duration=67, video_like_count=62, title=狗妈妈修理狗儿子，心疼狗儿子！, comment_count=8, url=http://toutiao.com/group/6503800270323991054/], collectionDate=2018-02-05]
[WARN ] 2018-02-05 18:59:11,650 
Cookie rejected: "[version: 0][name: qh[360]][value: 1][domain: .feifei.com][path: /][expiry: Tue Feb 06 18:59:09 CST 2018]". Illegal domain attribute "feifei.com". Domain of origin: "is.snssdk.com"
[INFO ] 2018-02-05 18:59:12,154 
向discuss_db数据库插入：Discuss [author=老李胡侃, comment=可怜的狗娃儿, video=null, videoXigua=VideoXiGua [id_str=6517423859791036942, play_effective_count=967, datetime=2018-02-01 11:33, media_name=芒果的妈, video_duration=119, video_like_count=10, title=狗爸，狗妈上演的“虐”狗案, comment_count=2, url=http://toutiao.com/group/6517423859791036942/], collectionDate=2018-02-05]
[INFO ] 2018-02-05 18:59:12,194 
向discuss_db数据库插入：Discuss [author=老李胡侃, comment=狗心不古啊, video=null, videoXigua=VideoXiGua [id_str=6517423859791036942, play_effective_count=967, datetime=2018-02-01 11:33, media_name=芒果的妈, video_duration=119, video_like_count=10, title=狗爸，狗妈上演的“虐”狗案, comment_count=2, url=http://toutiao.com/group/6517423859791036942/], collectionDate=2018-02-05]
[WARN ] 2018-02-05 18:59:12,407 
Cookie rejected: "[version: 0][name: qh[360]][value: 1][domain: .feifei.com][path: /][expiry: Tue Feb 06 18:59:10 CST 2018]". Illegal domain attribute "feifei.com". Domain of origin: "is.snssdk.com"
[INFO ] 2018-02-05 18:59:12,896 
向discuss_db数据库插入：Discuss [author=暗梅幽闻花卧枝伤痕低, comment=@墨菲定律18 快来看你爹[捂脸], video=null, videoXigua=VideoXiGua [id_str=6506416243782713870, play_effective_count=8123, datetime=2018-01-02 19:38, media_name=你不知道的生活, video_duration=11, video_like_count=30, title=南方狗和北方狗, comment_count=3, url=http://toutiao.com/group/6506416243782713870/], collectionDate=2018-02-05]
[INFO ] 2018-02-05 18:59:12,940 
向discuss_db数据库插入：Discuss [author=小鳄鱼哈哈哈, comment=我家一条养了10年的狗被感染了狂犬病家人要买了爱狗人士给我一条好建议[流泪][流泪][流泪][流泪][流泪], video=null, videoXigua=VideoXiGua [id_str=6506416243782713870, play_effective_count=8123, datetime=2018-01-02 19:38, media_name=你不知道的生活, video_duration=11, video_like_count=30, title=南方狗和北方狗, comment_count=3, url=http://toutiao.com/group/6506416243782713870/], collectionDate=2018-02-05]
[WARN ] 2018-02-05 18:59:12,953 
SQL Error: 1406, SQLState: 22001
[ERROR] 2018-02-05 18:59:12,954 
Data truncation: Data too long for column 'comment' at row 1
[WARN ] 2018-02-05 18:59:12,956 
SQL Warning Code: 1406, SQLState: 22001
[WARN ] 2018-02-05 18:59:12,956 
Data too long for column 'comment' at row 1
[INFO ] 2018-02-05 18:59:12,956 
西瓜视频解析视频信息时出错could not execute statement
[WARN ] 2018-02-05 18:59:13,164 
Cookie rejected: "[version: 0][name: qh[360]][value: 1][domain: .feifei.com][path: /][expiry: Tue Feb 06 18:59:10 CST 2018]". Illegal domain attribute "feifei.com". Domain of origin: "is.snssdk.com"
[INFO ] 2018-02-05 18:59:13,438 
向videoxigua_db数据库插入：VideoXiGua [id_str=6510098203822522888, play_effective_count=3097, datetime=2018-01-12 17:45, media_name=黄公子哥, video_duration=12, video_like_count=11, title=狗，................, comment_count=0, url=http://toutiao.com/group/6510098203822522888/]
[WARN ] 2018-02-05 18:59:13,655 
Cookie rejected: "[version: 0][name: qh[360]][value: 1][domain: .feifei.com][path: /][expiry: Tue Feb 06 18:59:11 CST 2018]". Illegal domain attribute "feifei.com". Domain of origin: "is.snssdk.com"
[INFO ] 2018-02-05 18:59:13,904 
向videoxigua_db数据库插入：VideoXiGua [id_str=6516085553048322573, play_effective_count=764, datetime=2018-01-28 21:00, media_name=瞅你咋地吧, video_duration=16, video_like_count=11, title=吃的苦中苦 方为狗上狗, comment_count=0, url=http://toutiao.com/group/6516085553048322573/]
[WARN ] 2018-02-05 18:59:14,120 
Cookie rejected: "[version: 0][name: qh[360]][value: 1][domain: .feifei.com][path: /][expiry: Tue Feb 06 18:59:11 CST 2018]". Illegal domain attribute "feifei.com". Domain of origin: "is.snssdk.com"
[INFO ] 2018-02-05 18:59:14,534 
西瓜视频解析视频信息时出错nested transactions not supported
[WARN ] 2018-02-05 18:59:14,718 
Cookie rejected: "[version: 0][name: qh[360]][value: 1][domain: .feifei.com][path: /][expiry: Tue Feb 06 18:59:12 CST 2018]". Illegal domain attribute "feifei.com". Domain of origin: "is.snssdk.com"
[INFO ] 2018-02-05 18:59:16,087 
西瓜视频解析视频信息时出错nested transactions not supported
[WARN ] 2018-02-05 18:59:16,270 
Cookie rejected: "[version: 0][name: qh[360]][value: 1][domain: .feifei.com][path: /][expiry: Tue Feb 06 18:59:14 CST 2018]". Illegal domain attribute "feifei.com". Domain of origin: "is.snssdk.com"
[INFO ] 2018-02-05 18:59:16,588 
西瓜视频解析视频信息时出错nested transactions not supported
[WARN ] 2018-02-05 18:59:16,805 
Cookie rejected: "[version: 0][name: qh[360]][value: 1][domain: .feifei.com][path: /][expiry: Tue Feb 06 18:59:14 CST 2018]". Illegal domain attribute "feifei.com". Domain of origin: "is.snssdk.com"
[INFO ] 2018-02-05 18:59:17,225 
西瓜视频解析视频信息时出错nested transactions not supported
[WARN ] 2018-02-05 18:59:17,446 
Cookie rejected: "[version: 0][name: qh[360]][value: 1][domain: .feifei.com][path: /][expiry: Tue Feb 06 18:59:15 CST 2018]". Illegal domain attribute "feifei.com". Domain of origin: "is.snssdk.com"
[INFO ] 2018-02-05 18:59:17,762 
向videoxigua_db数据库插入：VideoXiGua [id_str=6506377219030385155, play_effective_count=1853, datetime=2018-01-02 17:06, media_name=蓝彩桦, video_duration=7, video_like_count=5, title=狗, comment_count=0, url=http://toutiao.com/group/6506377219030385155/]
[WARN ] 2018-02-05 18:59:17,975 
Cookie rejected: "[version: 0][name: qh[360]][value: 1][domain: .feifei.com][path: /][expiry: Tue Feb 06 18:59:15 CST 2018]". Illegal domain attribute "feifei.com". Domain of origin: "is.snssdk.com"
[INFO ] 2018-02-05 18:59:18,264 
向videoxigua_db数据库插入：VideoXiGua [id_str=6517627013539299843, play_effective_count=306, datetime=2018-02-02 00:42, media_name=初心大电影, video_duration=143, video_like_count=1, title=狗老大 狗老大 狗老大, comment_count=0, url=http://toutiao.com/group/6517627013539299843/]
[WARN ] 2018-02-05 18:59:18,521 
Cookie rejected: "[version: 0][name: qh[360]][value: 1][domain: .feifei.com][path: /][expiry: Tue Feb 06 18:59:16 CST 2018]". Illegal domain attribute "feifei.com". Domain of origin: "is.snssdk.com"
[INFO ] 2018-02-05 18:59:18,785 
向videoxigua_db数据库插入：VideoXiGua [id_str=6504852105168159245, play_effective_count=3609, datetime=2017-12-29 14:28, media_name=囡囡生活短视频, video_duration=9, video_like_count=9, title=狗妈妈不理狗女儿 因为啥事, comment_count=0, url=http://toutiao.com/group/6504852105168159245/]
[WARN ] 2018-02-05 18:59:19,064 
Cookie rejected: "[version: 0][name: qh[360]][value: 1][domain: .feifei.com][path: /][expiry: Tue Feb 06 18:59:16 CST 2018]". Illegal domain attribute "feifei.com". Domain of origin: "is.snssdk.com"
[INFO ] 2018-02-05 18:59:19,395 
西瓜视频解析视频信息时出错nested transactions not supported
[WARN ] 2018-02-05 18:59:19,592 
Cookie rejected: "[version: 0][name: qh[360]][value: 1][domain: .feifei.com][path: /][expiry: Tue Feb 06 18:59:17 CST 2018]". Illegal domain attribute "feifei.com". Domain of origin: "is.snssdk.com"
[INFO ] 2018-02-05 18:59:19,865 
向videoxigua_db数据库插入：VideoXiGua [id_str=6510562261386396167, play_effective_count=370, datetime=2018-01-13 23:46, media_name=童心未了, video_duration=17, video_like_count=1, title=狗中的战斗狗，这真的很狗, comment_count=0, url=http://toutiao.com/group/6510562261386396167/]
[WARN ] 2018-02-05 18:59:20,125 
Cookie rejected: "[version: 0][name: qh[360]][value: 1][domain: .feifei.com][path: /][expiry: Tue Feb 06 18:59:17 CST 2018]". Illegal domain attribute "feifei.com". Domain of origin: "is.snssdk.com"
[INFO ] 2018-02-05 18:59:20,402 
向videoxigua_db数据库插入：VideoXiGua [id_str=6504863555773268494, play_effective_count=245, datetime=2017-12-29 15:12, media_name=用户72911005349, video_duration=42, video_like_count=4, title=狗哥哥狗弟弟吃香蕉, comment_count=0, url=http://toutiao.com/group/6504863555773268494/]
[WARN ] 2018-02-05 18:59:20,646 
Cookie rejected: "[version: 0][name: qh[360]][value: 1][domain: .feifei.com][path: /][expiry: Tue Feb 06 18:59:18 CST 2018]". Illegal domain attribute "feifei.com". Domain of origin: "is.snssdk.com"
[INFO ] 2018-02-05 18:59:20,906 
向videoxigua_db数据库插入：VideoXiGua [id_str=6518525111287415303, play_effective_count=264, datetime=2018-02-04 10:47, media_name=奥妙所在, video_duration=16, video_like_count=1, title=狗撵兔子，好狗, comment_count=0, url=http://toutiao.com/group/6518525111287415303/]
[WARN ] 2018-02-05 18:59:21,098 
Cookie rejected: "[version: 0][name: qh[360]][value: 1][domain: .feifei.com][path: /][expiry: Tue Feb 06 18:59:18 CST 2018]". Illegal domain attribute "feifei.com". Domain of origin: "is.snssdk.com"
[INFO ] 2018-02-05 18:59:22,235 
西瓜视频解析视频信息时出错nested transactions not supported
[WARN ] 2018-02-05 18:59:22,472 
Cookie rejected: "[version: 0][name: qh[360]][value: 1][domain: .feifei.com][path: /][expiry: Tue Feb 06 18:59:20 CST 2018]". Illegal domain attribute "feifei.com". Domain of origin: "is.snssdk.com"
[INFO ] 2018-02-05 18:59:22,862 
西瓜视频解析视频信息时出错nested transactions not supported
[WARN ] 2018-02-05 18:59:23,073 
Cookie rejected: "[version: 0][name: qh[360]][value: 1][domain: .feifei.com][path: /][expiry: Tue Feb 06 18:59:20 CST 2018]". Illegal domain attribute "feifei.com". Domain of origin: "is.snssdk.com"
[INFO ] 2018-02-05 18:59:23,324 
向videoxigua_db数据库插入：VideoXiGua [id_str=6514102988141756932, play_effective_count=412, datetime=2018-01-23 12:46, media_name=禁止娱乐, video_duration=18, video_like_count=0, title=一只扶镜思考狗生的狗, comment_count=0, url=http://toutiao.com/group/6514102988141756932/]
[WARN ] 2018-02-05 18:59:23,529 
Cookie rejected: "[version: 0][name: qh[360]][value: 1][domain: .feifei.com][path: /][expiry: Tue Feb 06 18:59:21 CST 2018]". Illegal domain attribute "feifei.com". Domain of origin: "is.snssdk.com"
[INFO ] 2018-02-05 18:59:23,777 
向videoxigua_db数据库插入：VideoXiGua [id_str=6508527185358225923, play_effective_count=1247, datetime=2018-01-08 12:09, media_name=蝶舞176361237, video_duration=10, video_like_count=6, title=这狗真能欺负狗, comment_count=0, url=http://toutiao.com/group/6508527185358225923/]
[WARN ] 2018-02-05 18:59:24,003 
Cookie rejected: "[version: 0][name: qh[360]][value: 1][domain: .feifei.com][path: /][expiry: Tue Feb 06 18:59:21 CST 2018]". Illegal domain attribute "feifei.com". Domain of origin: "is.snssdk.com"
[INFO ] 2018-02-05 18:59:24,286 
向videoxigua_db数据库插入：VideoXiGua [id_str=6518869953905426957, play_effective_count=26, datetime=2018-02-05 09:05, media_name=香蕉视频台, video_duration=8, video_like_count=0, title=不会蹦迪的狗不是好狗, comment_count=0, url=http://toutiao.com/group/6518869953905426957/]
[WARN ] 2018-02-05 18:59:24,480 
Cookie rejected: "[version: 0][name: qh[360]][value: 1][domain: .feifei.com][path: /][expiry: Tue Feb 06 18:59:22 CST 2018]". Illegal domain attribute "feifei.com". Domain of origin: "is.snssdk.com"
[INFO ] 2018-02-05 18:59:24,763 
向videoxigua_db数据库插入：VideoXiGua [id_str=6495849636249469454, play_effective_count=2823, datetime=2017-12-05 08:14, media_name=疯狂鱼号抢先看, video_duration=14, video_like_count=7, title=人吓狗吓死狗, comment_count=0, url=http://toutiao.com/group/6495849636249469454/]
[WARN ] 2018-02-05 18:59:25,006 
Cookie rejected: "[version: 0][name: qh[360]][value: 1][domain: .feifei.com][path: /][expiry: Tue Feb 06 18:59:22 CST 2018]". Illegal domain attribute "feifei.com". Domain of origin: "is.snssdk.com"
[INFO ] 2018-02-05 18:59:25,262 
向videoxigua_db数据库插入：VideoXiGua [id_str=6505925495006167560, play_effective_count=957, datetime=2018-01-01 11:54, media_name=微醺风月, video_duration=57, video_like_count=2, title=狗年了，狗都那么幸福, comment_count=0, url=http://toutiao.com/group/6505925495006167560/]
